TN:
SF:src/recurrence-parser.js
FN:31,parseRecurrence
FN:56,(anonymous_1)
FN:56,(anonymous_2)
FN:118,getCurrentPeriodStart
FN:129,(anonymous_4)
FN:202,getNextPeriodStart
FN:215,(anonymous_6)
FN:284,isNewPeriod
FN:313,getOrdinalWeekday
FN:365,formatDate
FNF:10
FNH:9
FNDA:37,parseRecurrence
FNDA:7,(anonymous_1)
FNDA:7,(anonymous_2)
FNDA:21,getCurrentPeriodStart
FNDA:0,(anonymous_4)
FNDA:13,getNextPeriodStart
FNDA:1,(anonymous_6)
FNDA:7,isNewPeriod
FNDA:9,getOrdinalWeekday
FNDA:33,formatDate
DA:21,1
DA:22,1
DA:24,1
DA:32,37
DA:35,37
DA:36,5
DA:40,32
DA:41,3
DA:45,29
DA:46,3
DA:50,26
DA:51,26
DA:52,7
DA:53,1
DA:55,6
DA:56,7
DA:57,6
DA:61,19
DA:62,19
DA:63,6
DA:64,6
DA:65,6
DA:66,3
DA:71,16
DA:72,16
DA:73,2
DA:74,2
DA:78,14
DA:79,14
DA:80,6
DA:81,6
DA:85,8
DA:86,1
DA:90,7
DA:91,2
DA:95,5
DA:96,5
DA:97,4
DA:98,2
DA:100,2
DA:101,2
DA:102,2
DA:103,2
DA:108,1
DA:109,1
DA:119,21
DA:120,21
DA:122,21
DA:124,2
DA:128,5
DA:129,5
DA:132,5
DA:133,5
DA:134,4
DA:135,4
DA:136,4
DA:140,1
DA:141,1
DA:142,1
DA:143,1
DA:147,9
DA:148,9
DA:150,9
DA:152,1
DA:155,8
DA:157,4
DA:161,4
DA:162,4
DA:165,4
DA:166,1
DA:167,1
DA:168,1
DA:169,1
DA:171,3
DA:175,2
DA:176,2
DA:177,2
DA:178,2
DA:182,2
DA:183,2
DA:185,2
DA:186,1
DA:188,1
DA:192,1
DA:203,13
DA:204,13
DA:206,13
DA:208,1
DA:209,1
DA:210,1
DA:214,4
DA:215,4
DA:218,4
DA:219,5
DA:220,1
DA:221,1
DA:222,1
DA:226,3
DA:227,3
DA:228,3
DA:229,3
DA:233,4
DA:234,4
DA:236,4
DA:238,1
DA:241,3
DA:243,1
DA:244,1
DA:245,1
DA:249,2
DA:250,2
DA:251,2
DA:252,2
DA:256,2
DA:257,2
DA:258,2
DA:259,2
DA:260,1
DA:262,1
DA:266,1
DA:267,1
DA:271,1
DA:272,1
DA:273,1
DA:285,7
DA:286,7
DA:287,7
DA:289,7
DA:290,7
DA:293,7
DA:294,2
DA:298,5
DA:301,5
DA:314,9
DA:316,4
DA:317,4
DA:318,4
DA:319,4
DA:320,4
DA:323,4
DA:324,2
DA:325,2
DA:326,2
DA:328,2
DA:332,5
DA:333,5
DA:334,5
DA:335,5
DA:338,5
DA:341,5
DA:342,5
DA:345,1
DA:348,4
DA:351,4
DA:352,1
DA:353,1
DA:354,1
DA:357,3
DA:366,33
DA:367,33
DA:368,33
DA:369,33
LF:162
LH:162
BRDA:35,0,0,5
BRDA:35,0,1,32
BRDA:40,1,0,3
BRDA:40,1,1,29
BRDA:40,2,0,32
BRDA:40,2,1,31
BRDA:40,2,2,30
BRDA:45,3,0,3
BRDA:45,3,1,26
BRDA:45,4,0,29
BRDA:45,4,1,28
BRDA:45,4,2,27
BRDA:51,5,0,7
BRDA:51,5,1,19
BRDA:52,6,0,1
BRDA:52,6,1,6
BRDA:57,7,0,6
BRDA:57,7,1,0
BRDA:62,8,0,6
BRDA:62,8,1,13
BRDA:65,9,0,3
BRDA:65,9,1,3
BRDA:72,10,0,2
BRDA:72,10,1,14
BRDA:79,11,0,6
BRDA:79,11,1,8
BRDA:80,12,0,5
BRDA:80,12,1,1
BRDA:85,13,0,1
BRDA:85,13,1,7
BRDA:90,14,0,2
BRDA:90,14,1,5
BRDA:90,15,0,7
BRDA:90,15,1,6
BRDA:96,16,0,4
BRDA:96,16,1,1
BRDA:97,17,0,2
BRDA:97,17,1,2
BRDA:102,18,0,2
BRDA:102,18,1,0
BRDA:102,19,0,2
BRDA:102,19,1,2
BRDA:118,20,0,0
BRDA:122,21,0,2
BRDA:122,21,1,5
BRDA:122,21,2,9
BRDA:122,21,3,2
BRDA:122,21,4,2
BRDA:122,21,5,1
BRDA:133,22,0,4
BRDA:133,22,1,1
BRDA:150,23,0,1
BRDA:150,23,1,8
BRDA:155,24,0,4
BRDA:155,24,1,4
BRDA:155,25,0,8
BRDA:155,25,1,4
BRDA:165,26,0,1
BRDA:165,26,1,3
BRDA:166,27,0,0
BRDA:166,27,1,1
BRDA:167,28,0,0
BRDA:167,28,1,1
BRDA:185,29,0,1
BRDA:185,29,1,1
BRDA:206,30,0,1
BRDA:206,30,1,4
BRDA:206,30,2,4
BRDA:206,30,3,2
BRDA:206,30,4,1
BRDA:206,30,5,1
BRDA:219,31,0,1
BRDA:219,31,1,4
BRDA:236,32,0,1
BRDA:236,32,1,3
BRDA:241,33,0,1
BRDA:241,33,1,2
BRDA:241,34,0,3
BRDA:241,34,1,1
BRDA:243,35,0,1
BRDA:243,35,1,0
BRDA:244,36,0,1
BRDA:244,36,1,0
BRDA:249,37,0,2
BRDA:249,37,1,0
BRDA:250,38,0,2
BRDA:250,38,1,0
BRDA:259,39,0,1
BRDA:259,39,1,1
BRDA:284,40,0,0
BRDA:293,41,0,2
BRDA:293,41,1,5
BRDA:314,42,0,4
BRDA:314,42,1,5
BRDA:323,43,0,2
BRDA:323,43,1,2
BRDA:323,44,0,4
BRDA:323,44,1,2
BRDA:324,45,0,0
BRDA:324,45,1,2
BRDA:325,46,0,0
BRDA:325,46,1,2
BRDA:342,47,0,1
BRDA:342,47,1,4
BRDA:351,48,0,1
BRDA:351,48,1,3
BRDA:351,49,0,4
BRDA:351,49,1,2
BRDA:352,50,0,0
BRDA:352,50,1,1
BRDA:353,51,0,0
BRDA:353,51,1,1
BRF:112
BRH:98
end_of_record
